<?xml version="1.0" encoding="UTF-8"?><testsuite failures="1" name="cucumber.runtime.formatter.JUnitFormatter" skipped="0" tests="8" time="120.916447">
<testcase classname="Create a contact" name="User fills the required fields" time="16.549327">
<system-out><![CDATA[Given user navigates to the login page......................................passed
When user enters username and password in the fields........................passed
Then user should login and should be on home page...........................passed
When user enters first name, last name and clicks on save...................passed
Then user should see the contact on the dashboard...........................passed
]]></system-out>
</testcase>
<testcase classname="Create a contact" name="User does not fills the required fields" time="10.109879">
<system-out><![CDATA[Given user navigates to the login page......................................passed
When user enters username and password in the fields........................passed
Then user should login and should be on home page...........................passed
When user user enters Ravi and clicks on save...............................passed
Then user should see see a error message....................................passed
]]></system-out>
</testcase>
<testcase classname="Create a contact" name="User does not fills the required fields 2" time="6.776211">
<system-out><![CDATA[Given user navigates to the login page......................................passed
When user enters username and password in the fields........................passed
Then user should login and should be on home page...........................passed
When user user enters  and clicks on save...................................passed
Then user should see see a error message....................................passed
]]></system-out>
</testcase>
<testcase classname="Create a contact" name="User enters valid data in the fields" time="29.385434">
<system-out><![CDATA[Given user navigates to the login page......................................passed
When user enters username and password in the fields........................passed
Then user should login and should be on home page...........................passed
When user enters valid first name,last name,email id,phone number,address_street,address_city,address_state,address_code,address_country,birthday_day,birthday_month,birthday_year and click on save.passed
Then user should see the contact on the contacts dashboard..................passed
]]></system-out>
</testcase>
<testcase classname="Create a contact" name="User enters invalid data in the fields" time="23.302267">
<failure message="java.lang.AssertionError: null&#13;&#10;&#9;at org.testng.Assert.fail(Assert.java:96)&#13;&#10;&#9;at org.testng.Assert.assertNotEquals(Assert.java:1157)&#13;&#10;&#9;at org.testng.Assert.assertNotEquals(Assert.java:1162)&#13;&#10;&#9;at StepDefinition.CreateContact.user_should_not_see_the_contact_on_the_contacts_dashboard(CreateContact.java:229)&#13;&#10;&#9;at ✽.Then user should not see the contact on the contacts dashboard(src/test/resources/Feature/CreateContact.feature:32)&#13;&#10;"><![CDATA[Given user navigates to the login page......................................passed
When user enters username and password in the fields........................passed
Then user should login and should be on home page...........................passed
When user enters invalid first name,last name,email id,phone number,address_street,address_city,address_state,address_code,address_country,birthday_day,birthday_month,birthday_year and click on save.passed
Then user should not see the contact on the contacts dashboard..............failed

StackTrace:
java.lang.AssertionError: null
	at org.testng.Assert.fail(Assert.java:96)
	at org.testng.Assert.assertNotEquals(Assert.java:1157)
	at org.testng.Assert.assertNotEquals(Assert.java:1162)
	at StepDefinition.CreateContact.user_should_not_see_the_contact_on_the_contacts_dashboard(CreateContact.java:229)
	at ✽.Then user should not see the contact on the contacts dashboard(src/test/resources/Feature/CreateContact.feature:32)
]]></failure>
</testcase>
<testcase classname="Create a contact" name="User clicks on cancel after filling the fields" time="14.51704">
<system-out><![CDATA[Given user navigates to the login page......................................passed
When user enters username and password in the fields........................passed
Then user should login and should be on home page...........................passed
When user gives data Ram,Sai,saimanoj@gmail.com,1,March,2020 and clicks on cancel.passed
Then user should not see the contacts.......................................passed
]]></system-out>
</testcase>
<testcase classname="Create a contact" name="User clicks on cancel after filling the fields 2" time="8.905081">
<system-out><![CDATA[Given user navigates to the login page......................................passed
When user enters username and password in the fields........................passed
Then user should login and should be on home page...........................passed
When user gives data Mounika,Mummidi,saimanoj@gmail.com,e,March,1929278326 and clicks on cancel.passed
Then user should not see the contacts.......................................passed
]]></system-out>
</testcase>
<testcase classname="Create a contact" name="User clicks on cancel after filling the fields 3" time="11.371208">
<system-out><![CDATA[Given user navigates to the login page......................................passed
When user enters username and password in the fields........................passed
Then user should login and should be on home page...........................passed
When user gives data ,,,,, and clicks on cancel.............................passed
Then user should not see the contacts.......................................passed
]]></system-out>
</testcase>
</testsuite>
